<?xml version="1.0" encoding="UTF-8"?>
<!-- Generated by org.testng.reporters.JUnitXMLReporter -->
<testsuite ignored="6" hostname="AV-B7YSDB3" failures="1" tests="1" name="Test1" time="2.079" errors="0" timestamp="2023-05-08T03:59:18 IST">
  <testcase classname="tests.Resources_Menu_Test" name="Calculators" time="2.022">
    <failure type="java.lang.NullPointerException" message="Cannot invoke &amp;quot;pages.Resources_menu.Calculator_EmiCalculator()&amp;quot; because &amp;quot;this.ob&amp;quot; is null">
      <![CDATA[java.lang.NullPointerException: Cannot invoke "pages.Resources_menu.Calculator_EmiCalculator()" because "this.ob" is null
at tests.Resources_Menu_Test.Calculators(Resources_Menu_Test.java:108)
at java.base/java.util.ArrayList.forEach(ArrayList.java:1511)
... Removed 27 stack frames]]>
    </failure>
  </testcase> <!-- Calculators -->
  <testcase classname="tests.Resources_Menu_Test" name="Faq_Blogs_infographic_Button_test" time="0.0">
    <ignored/>
  </testcase> <!-- Faq_Blogs_infographic_Button_test -->
  <testcase classname="tests.Resources_Menu_Test" name="Resources_Company_Our_partner" time="0.0">
    <ignored/>
  </testcase> <!-- Resources_Company_Our_partner -->
  <testcase classname="tests.Resources_Menu_Test" name="Resources_Company" time="0.0">
    <ignored/>
  </testcase> <!-- Resources_Company -->
  <testcase classname="tests.Resources_Menu_Test" name="Resources_Company_Partner_with_us" time="0.0">
    <ignored/>
  </testcase> <!-- Resources_Company_Partner_with_us -->
  <testcase classname="tests.Resources_Menu_Test" name="Resources_company_legalpolicies" time="0.0">
    <ignored/>
  </testcase> <!-- Resources_company_legalpolicies -->
  <testcase classname="tests.Resources_Menu_Test" name="Resources_Company_Servicerequstbutton" time="0.0">
    <ignored/>
  </testcase> <!-- Resources_Company_Servicerequstbutton -->
</testsuite> <!-- Test1 -->
