<?xml version="1.0" encoding="UTF-8"?>
<!-- Generated by org.testng.reporters.JUnitXMLReporter -->
<testsuite ignored="0" hostname="AV-B7YSDB3" failures="0" tests="5" name="Default test" time="12.787" errors="0" timestamp="2023-05-08T06:12:06 IST">
  <testcase classname="tests.Bubble_Animationi_button_test" name="Apply_button_test" time="0.166"/>
  <testcase classname="tests.Bubble_Animationi_button_test" name="Instant_loan_button_test" time="2.405"/>
  <testcase classname="tests.Bubble_Animationi_button_test" name="Loan_against_salary" time="2.301"/>
  <testcase classname="tests.Bubble_Animationi_button_test" name="Pl_without_document" time="2.345"/>
  <testcase classname="tests.Bubble_Animationi_button_test" name="New_credit" time="2.314"/>
</testsuite> <!-- Default test -->
